# JRE version: Java(TM) SE Runtime Environment (8.0_121-b13) (build 1.8.0_121-b13)
# Java VM: Java HotSpot(TM) 64-Bit Server VM (25.121-b13 mixed mode windows-amd64 compressed oops)
Heap:
 PSYoungGen      total 119296K, used 57689K [0x00000000d6300000, 0x00000000df300000, 0x0000000100000000)
  eden space 111104K, 44% used [0x00000000d6300000,0x00000000d93b1a08,0x00000000dcf80000)
  from space 8192K, 95% used [0x00000000deb00000,0x00000000df2a4a30,0x00000000df300000)
  to   space 8704K, 0% used [0x00000000de200000,0x00000000de200000,0x00000000dea80000)
 ParOldGen       total 49664K, used 5125K [0x0000000082800000, 0x0000000085880000, 0x00000000d6300000)
  object space 49664K, 10% used [0x0000000082800000,0x0000000082d015a0,0x0000000085880000)
 Metaspace       used 28519K, capacity 29434K, committed 29488K, reserved 1075200K
  class space    used 3681K, capacity 3866K, committed 3888K, reserved 1048576K
GC Heap History (10 events):
Event: 1.090 GC heap before
{Heap before GC invocations=3 (full 0):
 PSYoungGen      total 37888K, used 37867K [0x00000000d6300000, 0x00000000dad00000, 0x0000000100000000)
  eden space 32768K, 100% used [0x00000000d6300000,0x00000000d8300000,0x00000000d8300000)
  from space 5120K, 99% used [0x00000000d8800000,0x00000000d8cfac40,0x00000000d8d00000)
  to   space 5120K, 0% used [0x00000000d8300000,0x00000000d8300000,0x00000000d8800000)
 ParOldGen       total 86016K, used 364K [0x0000000082800000, 0x0000000087c00000, 0x00000000d6300000)
  object space 86016K, 0% used [0x0000000082800000,0x000000008285b028,0x0000000087c00000)
 Metaspace       used 16438K, capacity 16880K, committed 16896K, reserved 1064960K
  class space    used 2154K, capacity 2297K, committed 2304K, reserved 1048576K
Event: 1.097 GC heap after
Heap after GC invocations=3 (full 0):
 PSYoungGen      total 37888K, used 5113K [0x00000000d6300000, 0x00000000dad00000, 0x0000000100000000)
  eden space 32768K, 0% used [0x00000000d6300000,0x00000000d6300000,0x00000000d8300000)
  from space 5120K, 99% used [0x00000000d8300000,0x00000000d87fe790,0x00000000d8800000)
  to   space 5120K, 0% used [0x00000000da800000,0x00000000da800000,0x00000000dad00000)
 ParOldGen       total 86016K, used 1249K [0x0000000082800000, 0x0000000087c00000, 0x00000000d6300000)
  object space 86016K, 1% used [0x0000000082800000,0x00000000829387b0,0x0000000087c00000)
 Metaspace       used 16438K, capacity 16880K, committed 16896K, reserved 1064960K
  class space    used 2154K, capacity 2297K, committed 2304K, reserved 1048576K
}
Event: 1.294 GC heap before
{Heap before GC invocations=4 (full 0):
 PSYoungGen      total 37888K, used 37881K [0x00000000d6300000, 0x00000000dad00000, 0x0000000100000000)
  eden space 32768K, 100% used [0x00000000d6300000,0x00000000d8300000,0x00000000d8300000)
  from space 5120K, 99% used [0x00000000d8300000,0x00000000d87fe790,0x00000000d8800000)
  to   space 5120K, 0% used [0x00000000da800000,0x00000000da800000,0x00000000dad00000)
 ParOldGen       total 86016K, used 1249K [0x0000000082800000, 0x0000000087c00000, 0x00000000d6300000)
  object space 86016K, 1% used [0x0000000082800000,0x00000000829387b0,0x0000000087c00000)
 Metaspace       used 20165K, capacity 20676K, committed 20992K, reserved 1067008K
  class space    used 2607K, capacity 2763K, committed 2816K, reserved 1048576K
Event: 1.302 GC heap after
Heap after GC invocations=4 (full 0):
 PSYoungGen      total 70656K, used 5108K [0x00000000d6300000, 0x00000000dad00000, 0x0000000100000000)
  eden space 65536K, 0% used [0x00000000d6300000,0x00000000d6300000,0x00000000da300000)
  from space 5120K, 99% used [0x00000000da800000,0x00000000dacfd018,0x00000000dad00000)
  to   space 5120K, 0% used [0x00000000da300000,0x00000000da300000,0x00000000da800000)
 ParOldGen       total 86016K, used 4060K [0x0000000082800000, 0x0000000087c00000, 0x00000000d6300000)
  object space 86016K, 4% used [0x0000000082800000,0x0000000082bf71c0,0x0000000087c00000)
 Metaspace       used 20165K, capacity 20676K, committed 20992K, reserved 1067008K
  class space    used 2607K, capacity 2763K, committed 2816K, reserved 1048576K
}
Event: 1.329 GC heap before
{Heap before GC invocations=5 (full 0):
 PSYoungGen      total 70656K, used 9578K [0x00000000d6300000, 0x00000000dad00000, 0x0000000100000000)
  eden space 65536K, 6% used [0x00000000d6300000,0x00000000d675d8f8,0x00000000da300000)
  from space 5120K, 99% used [0x00000000da800000,0x00000000dacfd018,0x00000000dad00000)
  to   space 5120K, 0% used [0x00000000da300000,0x00000000da300000,0x00000000da800000)
 ParOldGen       total 86016K, used 4060K [0x0000000082800000, 0x0000000087c00000, 0x00000000d6300000)
  object space 86016K, 4% used [0x0000000082800000,0x0000000082bf71c0,0x0000000087c00000)
 Metaspace       used 20687K, capacity 21198K, committed 21296K, reserved 1067008K
  class space    used 2654K, capacity 2828K, committed 2864K, reserved 1048576K
Event: 1.334 GC heap after
Heap after GC invocations=5 (full 0):
 PSYoungGen      total 70656K, used 5113K [0x00000000d6300000, 0x00000000df300000, 0x0000000100000000)
  eden space 65536K, 0% used [0x00000000d6300000,0x00000000d6300000,0x00000000da300000)
  from space 5120K, 99% used [0x00000000da300000,0x00000000da7fe650,0x00000000da800000)
  to   space 8192K, 0% used [0x00000000deb00000,0x00000000deb00000,0x00000000df300000)
 ParOldGen       total 86016K, used 4187K [0x0000000082800000, 0x0000000087c00000, 0x00000000d6300000)
  object space 86016K, 4% used [0x0000000082800000,0x0000000082c16f30,0x0000000087c00000)
 Metaspace       used 20687K, capacity 21198K, committed 21296K, reserved 1067008K
  class space    used 2654K, capacity 2828K, committed 2864K, reserved 1048576K
}
Event: 1.334 GC heap before
{Heap before GC invocations=6 (full 1):
 PSYoungGen      total 70656K, used 5113K [0x00000000d6300000, 0x00000000df300000, 0x0000000100000000)
  eden space 65536K, 0% used [0x00000000d6300000,0x00000000d6300000,0x00000000da300000)
  from space 5120K, 99% used [0x00000000da300000,0x00000000da7fe650,0x00000000da800000)
  to   space 8192K, 0% used [0x00000000deb00000,0x00000000deb00000,0x00000000df300000)
 ParOldGen       total 86016K, used 4187K [0x0000000082800000, 0x0000000087c00000, 0x00000000d6300000)
  object space 86016K, 4% used [0x0000000082800000,0x0000000082c16f30,0x0000000087c00000)
 Metaspace       used 20687K, capacity 21198K, committed 21296K, reserved 1067008K
  class space    used 2654K, capacity 2828K, committed 2864K, reserved 1048576K
Event: 1.360 GC heap after
Heap after GC invocations=6 (full 1):
 PSYoungGen      total 70656K, used 0K [0x00000000d6300000, 0x00000000df300000, 0x0000000100000000)
  eden space 65536K, 0% used [0x00000000d6300000,0x00000000d6300000,0x00000000da300000)
  from space 5120K, 0% used [0x00000000da300000,0x00000000da300000,0x00000000da800000)
  to   space 8192K, 0% used [0x00000000deb00000,0x00000000deb00000,0x00000000df300000)
 ParOldGen       total 49664K, used 5053K [0x0000000082800000, 0x0000000085880000, 0x00000000d6300000)
  object space 49664K, 10% used [0x0000000082800000,0x0000000082cef590,0x0000000085880000)
 Metaspace       used 20687K, capacity 21198K, committed 21296K, reserved 1067008K
  class space    used 2654K, capacity 2828K, committed 2864K, reserved 1048576K
}
Event: 2.039 GC heap before
{Heap before GC invocations=7 (full 1):
 PSYoungGen      total 70656K, used 65536K [0x00000000d6300000, 0x00000000df300000, 0x0000000100000000)
  eden space 65536K, 100% used [0x00000000d6300000,0x00000000da300000,0x00000000da300000)
  from space 5120K, 0% used [0x00000000da300000,0x00000000da300000,0x00000000da800000)
  to   space 8192K, 0% used [0x00000000deb00000,0x00000000deb00000,0x00000000df300000)
 ParOldGen       total 49664K, used 5053K [0x0000000082800000, 0x0000000085880000, 0x00000000d6300000)
  object space 49664K, 10% used [0x0000000082800000,0x0000000082cef590,0x0000000085880000)
 Metaspace       used 26152K, capacity 26978K, committed 27184K, reserved 1073152K
  class space    used 3384K, capacity 3584K, committed 3632K, reserved 1048576K
Event: 2.047 GC heap after
Heap after GC invocations=7 (full 1):
 PSYoungGen      total 119296K, used 7826K [0x00000000d6300000, 0x00000000df300000, 0x0000000100000000)
  eden space 111104K, 0% used [0x00000000d6300000,0x00000000d6300000,0x00000000dcf80000)
  from space 8192K, 95% used [0x00000000deb00000,0x00000000df2a4a30,0x00000000df300000)
  to   space 8704K, 0% used [0x00000000de200000,0x00000000de200000,0x00000000dea80000)
 ParOldGen       total 49664K, used 5125K [0x0000000082800000, 0x0000000085880000, 0x00000000d6300000)
  object space 49664K, 10% used [0x0000000082800000,0x0000000082d015a0,0x0000000085880000)
 Metaspace       used 26152K, capacity 26978K, committed 27184K, reserved 1073152K
  class space    used 3384K, capacity 3584K, committed 3632K, reserved 1048576K
}

